inframobileapp/build/app/outputs/mapping/release/mapping.txt
# compiler: R8
# compiler_version: 1.5.64
# min_api: 23
# pg_map_id: 4cc4dfa
...
com.google.firebase.firestore.bundle.BundleSerializer -> com.google.firebase.firestore.x0.g:
    com.google.firebase.firestore.remote.RemoteSerializer remoteSerializer -> b
    java.text.SimpleDateFormat timestampFormat -> a
    void decodeArrayValue(com.google.firestore.v1.Value$Builder,org.json.JSONArray) -> a
    com.google.firebase.firestore.bundle.BundleMetadata decodeBundleMetadata(org.json.JSONObject) -> a
    void decodeCompositeFilter(java.util.List,org.json.JSONObject) -> a
    com.google.firebase.firestore.core.Filter$Operator decodeFieldFilterOperator(java.lang.String) -> a
    void decodeGeoPoint(com.google.firestore.v1.Value$Builder,org.json.JSONObject) -> a
    java.util.List decodeOrderBy(org.json.JSONArray) -> a
    com.google.firebase.firestore.model.SnapshotVersion decodeSnapshotVersion(java.lang.Object) -> a
    void decodeTimestamp(com.google.firestore.v1.Value$Builder,java.lang.Object) -> a
    com.google.firebase.firestore.bundle.BundledDocumentMetadata decodeBundledDocumentMetadata(org.json.JSONObject) -> b
    void decodeFieldFilter(java.util.List,org.json.JSONObject) -> b
    void decodeMapValue(com.google.firestore.v1.Value$Builder,org.json.JSONObject) -> b
    com.google.firebase.firestore.model.ResourcePath decodeName(java.lang.String) -> b
    com.google.firebase.Timestamp decodeTimestamp(java.lang.Object) -> b
    void verifyCollectionSelector(org.json.JSONArray) -> b
com.google.firebase.firestore.bundle.BundledDocumentMetadata -> com.google.firebase.firestore.x0.h:
    com.google.firebase.firestore.model.SnapshotVersion readTime -> b
    java.util.List queries -> d
    boolean exists -> c
    com.google.firebase.firestore.model.DocumentKey key -> a
    boolean exists() -> a
    com.google.firebase.firestore.model.DocumentKey getKey() -> b
    java.util.List getQueries() -> c
    com.google.firebase.firestore.model.SnapshotVersion getReadTime() -> d
com.google.firebase.firestore.bundle.BundledQuery -> com.google.firebase.firestore.x0.i:
    com.google.firebase.firestore.core.Query$LimitType limitType -> b
    com.google.firebase.firestore.core.Target target -> a
    com.google.firebase.firestore.core.Query$LimitType getLimitType() -> a
    com.google.firebase.firestore.core.Target getTarget() -> b
com.google.firebase.firestore.bundle.NamedQuery -> com.google.firebase.firestore.x0.j:
    com.google.firebase.firestore.model.SnapshotVersion readTime -> c
    com.google.firebase.firestore.bundle.BundledQuery bundledQuery -> b
    java.lang.String name -> a
    com.google.firebase.firestore.bundle.BundledQuery getBundledQuery() -> a
    java.lang.String getName() -> b
    com.google.firebase.firestore.model.SnapshotVersion getReadTime() -> c
com.google.firebase.firestore.core.-$$Lambda$ActivityScope$XwxnnFERGrXm3zdEuLMW_LRFOcQ -> com.google.firebase.firestore.y0.a:
    androidx.fragment.app.FragmentActivity f$0 -> k
    java.lang.Runnable f$1 -> l
com.google.firebase.firestore.core.-$$Lambda$ActivityScope$pi6YYni6XBuDzQmuJSTrf7ARsuo -> com.google.firebase.firestore.y0.b:
    android.app.Activity f$0 -> k
    java.lang.Runnable f$1 -> l
com.google.firebase.firestore.core.-$$Lambda$AsyncEventListener$L-aBBnf1NlYVR-NiXrj-B_r6-Nk -> com.google.firebase.firestore.y0.c:
    com.google.firebase.firestore.core.AsyncEventListener f$0 -> k
    com.google.firebase.firestore.FirebaseFirestoreException f$2 -> m
    java.lang.Object f$1 -> l
com.google.firebase.firestore.core.-$$Lambda$FirestoreClient$-TE6_h7MfCW6WyaxLjYjTWw7rks -> com.google.firebase.firestore.y0.d:
    com.google.firebase.firestore.core.FirestoreClient f$0 -> k
    java.lang.String f$1 -> l
    com.google.android.gms.tasks.TaskCompletionSource f$2 -> m